ncnn/build/intermediates/manifest_merge_blame_file/debug/manifest-merger-blame-debug-report.txt
1<?xml version="1.0" encoding="utf-8"?>
2<manifest xmlns:android="http://schemas.android.com/apk/res/android"
3    package="com.revivers.mtcnn"
4    android:versionCode="1"
5    android:versionName="1.1" >
6
7    <uses-sdk android:minSdkVersion="24" />
7-->src/main/AndroidManifest.xml
8
9    <uses-permission android:name="android.permission.READ_EXTERNAL_STORAGE" />
9-->src/main/AndroidManifest.xml:9:5-79
9-->src/main/AndroidManifest.xml:9:22-77
10    <uses-permission android:name="android.permission.WRITE_EXTERNAL_STORAGE" />
10-->src/main/AndroidManifest.xml:10:5-80
10-->src/main/AndroidManifest.xml:10:22-78
11
12    <application android:label="@string/app_name" >
12-->src/main/AndroidManifest.xml:12:5-14:19
12-->src/main/AndroidManifest.xml:12:18-50
13    </application>
14
15</manifest>